[debug] [2026-03-11T09:52:15.002Z] ----------------------------------------------------------------------
[debug] [2026-03-11T09:52:15.013Z] Command:       C:\Program Files\nodejs\node.exe C:\Users\ibrag\AppData\Roaming\npm\node_modules\firebase-tools\lib\bin\firebase.js deploy
[debug] [2026-03-11T09:52:15.015Z] CLI Version:   15.4.0
[debug] [2026-03-11T09:52:15.015Z] Platform:      win32
[debug] [2026-03-11T09:52:15.016Z] Node Version:  v22.19.0
[debug] [2026-03-11T09:52:15.017Z] Time:          Wed Mar 11 2026 10:52:15 GMT+0100 (Центральная Европа, стандартное время)
[debug] [2026-03-11T09:52:15.017Z] ----------------------------------------------------------------------
[debug] 
[debug] [2026-03-11T09:52:15.027Z] >>> [apiv2][query] GET https://firebase-public.firebaseio.com/cli.json [none]
[debug] [2026-03-11T09:52:23.795Z] > command requires scopes: ["email","openid","https://www.googleapis.com/auth/cloudplatformprojects.readonly","https://www.googleapis.com/auth/firebase","https://www.googleapis.com/auth/cloud-platform"]
[debug] [2026-03-11T09:52:23.796Z] > authorizing via signed-in user (byteflipper.business@gmail.com)
[debug] [2026-03-11T09:52:23.796Z] [iam] checking project sectlauncher for permissions ["firebase.projects.get","firebasehosting.sites.update"]
[debug] [2026-03-11T09:52:23.798Z] Checked if tokens are valid: false, expires at: 1773078259140
[debug] [2026-03-11T09:52:23.798Z] Checked if tokens are valid: false, expires at: 1773078259140
[debug] [2026-03-11T09:52:23.799Z] > refreshing access token with scopes: []
[debug] [2026-03-11T09:52:23.802Z] >>> [apiv2][query] POST https://www.googleapis.com/oauth2/v3/token [none]
[debug] [2026-03-11T09:52:23.802Z] >>> [apiv2][body] POST https://www.googleapis.com/oauth2/v3/token [omitted]
[debug] [2026-03-11T09:52:23.981Z] <<< [apiv2][status] POST https://www.googleapis.com/oauth2/v3/token 200
[debug] [2026-03-11T09:52:23.982Z] <<< [apiv2][body] POST https://www.googleapis.com/oauth2/v3/token [omitted]
[debug] [2026-03-11T09:52:24.003Z] >>> [apiv2][query] POST https://cloudresourcemanager.googleapis.com/v1/projects/sectlauncher:testIamPermissions [none]
[debug] [2026-03-11T09:52:24.003Z] >>> [apiv2][(partial)header] POST https://cloudresourcemanager.googleapis.com/v1/projects/sectlauncher:testIamPermissions x-goog-quota-user=projects/sectlauncher
[debug] [2026-03-11T09:52:24.004Z] >>> [apiv2][body] POST https://cloudresourcemanager.googleapis.com/v1/projects/sectlauncher:testIamPermissions {"permissions":["firebase.projects.get","firebasehosting.sites.update"]}
[debug] [2026-03-11T09:52:24.164Z] <<< [apiv2][status] GET https://firebase-public.firebaseio.com/cli.json 200
[debug] [2026-03-11T09:52:24.165Z] <<< [apiv2][body] GET https://firebase-public.firebaseio.com/cli.json {"cloudBuildErrorAfter":1594252800000,"cloudBuildWarnAfter":1590019200000,"defaultNode10After":1594252800000,"minVersion":"3.0.5","node8DeploysDisabledAfter":1613390400000,"node8RuntimeDisabledAfter":1615809600000,"node8WarnAfter":1600128000000}
